# JRE version: Java(TM) SE Runtime Environment (8.0_92-b14) (build 1.8.0_92-b14)
# Java VM: Java HotSpot(TM) 64-Bit Server VM (25.92-b14 mixed mode windows-amd64 compressed oops)
Heap:
 PSYoungGen      total 276992K, used 206711K [0x000000076af80000, 0x00000007b4800000, 0x00000007c0000000)
  eden space 276480K, 74% used [0x000000076af80000,0x00000007779263c0,0x000000077bd80000)
  from space 512K, 43% used [0x00000007b4700000,0x00000007b4737a98,0x00000007b4780000)
  to   space 512K, 0% used [0x00000007b4780000,0x00000007b4780000,0x00000007b4800000)
 ParOldGen       total 129024K, used 67208K [0x00000006c0e00000, 0x00000006c8c00000, 0x000000076af80000)
  object space 129024K, 52% used [0x00000006c0e00000,0x00000006c4fa2038,0x00000006c8c00000)
 Metaspace       used 23113K, capacity 23394K, committed 23552K, reserved 1071104K
  class space    used 2453K, capacity 2525K, committed 2560K, reserved 1048576K
GC Heap History (10 events):
Event: 2360.158 GC heap before
{Heap before GC invocations=176 (full 1):
 PSYoungGen      total 339968K, used 339830K [0x000000076af80000, 0x00000007b4800000, 0x00000007c0000000)
  eden space 339456K, 100% used [0x000000076af80000,0x000000077fb00000,0x000000077fb00000)
  from space 512K, 73% used [0x00000007b4780000,0x00000007b47dd9b8,0x00000007b4800000)
  to   space 512K, 0% used [0x00000007b4700000,0x00000007b4700000,0x00000007b4780000)
 ParOldGen       total 129024K, used 66687K [0x00000006c0e00000, 0x00000006c8c00000, 0x000000076af80000)
  object space 129024K, 51% used [0x00000006c0e00000,0x00000006c4f1feb8,0x00000006c8c00000)
 Metaspace       used 22787K, capacity 23074K, committed 23296K, reserved 1071104K
  class space    used 2446K, capacity 2525K, committed 2560K, reserved 1048576K
Event: 2360.159 GC heap after
Heap after GC invocations=176 (full 1):
 PSYoungGen      total 326144K, used 272K [0x000000076af80000, 0x00000007b4800000, 0x00000007c0000000)
  eden space 325632K, 0% used [0x000000076af80000,0x000000076af80000,0x000000077ed80000)
  from space 512K, 53% used [0x00000007b4700000,0x00000007b47440a0,0x00000007b4780000)
  to   space 512K, 0% used [0x00000007b4780000,0x00000007b4780000,0x00000007b4800000)
 ParOldGen       total 129024K, used 66879K [0x00000006c0e00000, 0x00000006c8c00000, 0x000000076af80000)
  object space 129024K, 51% used [0x00000006c0e00000,0x00000006c4f4ff78,0x00000006c8c00000)
 Metaspace       used 22787K, capacity 23074K, committed 23296K, reserved 1071104K
  class space    used 2446K, capacity 2525K, committed 2560K, reserved 1048576K
}
Event: 2624.035 GC heap before
{Heap before GC invocations=177 (full 1):
 PSYoungGen      total 326144K, used 325904K [0x000000076af80000, 0x00000007b4800000, 0x00000007c0000000)
  eden space 325632K, 100% used [0x000000076af80000,0x000000077ed80000,0x000000077ed80000)
  from space 512K, 53% used [0x00000007b4700000,0x00000007b47440a0,0x00000007b4780000)
  to   space 512K, 0% used [0x00000007b4780000,0x00000007b4780000,0x00000007b4800000)
 ParOldGen       total 129024K, used 66879K [0x00000006c0e00000, 0x00000006c8c00000, 0x000000076af80000)
  object space 129024K, 51% used [0x00000006c0e00000,0x00000006c4f4ff78,0x00000006c8c00000)
 Metaspace       used 22917K, capacity 23202K, committed 23552K, reserved 1071104K
  class space    used 2449K, capacity 2525K, committed 2560K, reserved 1048576K
Event: 2624.037 GC heap after
Heap after GC invocations=177 (full 1):
 PSYoungGen      total 312832K, used 342K [0x000000076af80000, 0x00000007b4800000, 0x00000007c0000000)
  eden space 312320K, 0% used [0x000000076af80000,0x000000076af80000,0x000000077e080000)
  from space 512K, 66% used [0x00000007b4780000,0x00000007b47d59b8,0x00000007b4800000)
  to   space 512K, 0% used [0x00000007b4700000,0x00000007b4700000,0x00000007b4780000)
 ParOldGen       total 129024K, used 66887K [0x00000006c0e00000, 0x00000006c8c00000, 0x000000076af80000)
  object space 129024K, 51% used [0x00000006c0e00000,0x00000006c4f51f78,0x00000006c8c00000)
 Metaspace       used 22917K, capacity 23202K, committed 23552K, reserved 1071104K
  class space    used 2449K, capacity 2525K, committed 2560K, reserved 1048576K
}
Event: 2624.150 GC heap before
{Heap before GC invocations=178 (full 1):
 PSYoungGen      total 312832K, used 312662K [0x000000076af80000, 0x00000007b4800000, 0x00000007c0000000)
  eden space 312320K, 100% used [0x000000076af80000,0x000000077e080000,0x000000077e080000)
  from space 512K, 66% used [0x00000007b4780000,0x00000007b47d59b8,0x00000007b4800000)
  to   space 512K, 0% used [0x00000007b4700000,0x00000007b4700000,0x00000007b4780000)
 ParOldGen       total 129024K, used 66887K [0x00000006c0e00000, 0x00000006c8c00000, 0x000000076af80000)
  object space 129024K, 51% used [0x00000006c0e00000,0x00000006c4f51f78,0x00000006c8c00000)
 Metaspace       used 22917K, capacity 23202K, committed 23552K, reserved 1071104K
  class space    used 2449K, capacity 2525K, committed 2560K, reserved 1048576K
Event: 2624.151 GC heap after
Heap after GC invocations=178 (full 1):
 PSYoungGen      total 300032K, used 195K [0x000000076af80000, 0x00000007b4800000, 0x00000007c0000000)
  eden space 299520K, 0% used [0x000000076af80000,0x000000076af80000,0x000000077d400000)
  from space 512K, 38% used [0x00000007b4700000,0x00000007b4730f10,0x00000007b4780000)
  to   space 512K, 0% used [0x00000007b4780000,0x00000007b4780000,0x00000007b4800000)
 ParOldGen       total 129024K, used 67083K [0x00000006c0e00000, 0x00000006c8c00000, 0x000000076af80000)
  object space 129024K, 51% used [0x00000006c0e00000,0x00000006c4f82ce0,0x00000006c8c00000)
 Metaspace       used 22917K, capacity 23202K, committed 23552K, reserved 1071104K
  class space    used 2449K, capacity 2525K, committed 2560K, reserved 1048576K
}
Event: 3342.355 GC heap before
{Heap before GC invocations=179 (full 1):
 PSYoungGen      total 300032K, used 299715K [0x000000076af80000, 0x00000007b4800000, 0x00000007c0000000)
  eden space 299520K, 100% used [0x000000076af80000,0x000000077d400000,0x000000077d400000)
  from space 512K, 38% used [0x00000007b4700000,0x00000007b4730f10,0x00000007b4780000)
  to   space 512K, 0% used [0x00000007b4780000,0x00000007b4780000,0x00000007b4800000)
 ParOldGen       total 129024K, used 67083K [0x00000006c0e00000, 0x00000006c8c00000, 0x000000076af80000)
  object space 129024K, 51% used [0x00000006c0e00000,0x00000006c4f82ce0,0x00000006c8c00000)
 Metaspace       used 22980K, capacity 23266K, committed 23552K, reserved 1071104K
  class space    used 2451K, capacity 2525K, committed 2560K, reserved 1048576K
Event: 3342.356 GC heap after
Heap after GC invocations=179 (full 1):
 PSYoungGen      total 288256K, used 282K [0x000000076af80000, 0x00000007b4800000, 0x00000007c0000000)
  eden space 287744K, 0% used [0x000000076af80000,0x000000076af80000,0x000000077c880000)
  from space 512K, 55% used [0x00000007b4780000,0x00000007b47c6be0,0x00000007b4800000)
  to   space 512K, 0% used [0x00000007b4700000,0x00000007b4700000,0x00000007b4780000)
 ParOldGen       total 129024K, used 67099K [0x00000006c0e00000, 0x00000006c8c00000, 0x000000076af80000)
  object space 129024K, 52% used [0x00000006c0e00000,0x00000006c4f86ce0,0x00000006c8c00000)
 Metaspace       used 22980K, capacity 23266K, committed 23552K, reserved 1071104K
  class space    used 2451K, capacity 2525K, committed 2560K, reserved 1048576K
}
Event: 3342.463 GC heap before
{Heap before GC invocations=180 (full 1):
 PSYoungGen      total 288256K, used 288026K [0x000000076af80000, 0x00000007b4800000, 0x00000007c0000000)
  eden space 287744K, 100% used [0x000000076af80000,0x000000077c880000,0x000000077c880000)
  from space 512K, 55% used [0x00000007b4780000,0x00000007b47c6be0,0x00000007b4800000)
  to   space 512K, 0% used [0x00000007b4700000,0x00000007b4700000,0x00000007b4780000)
 ParOldGen       total 129024K, used 67099K [0x00000006c0e00000, 0x00000006c8c00000, 0x000000076af80000)
  object space 129024K, 52% used [0x00000006c0e00000,0x00000006c4f86ce0,0x00000006c8c00000)
 Metaspace       used 22980K, capacity 23266K, committed 23552K, reserved 1071104K
  class space    used 2451K, capacity 2525K, committed 2560K, reserved 1048576K
Event: 3342.464 GC heap after
Heap after GC invocations=180 (full 1):
 PSYoungGen      total 276992K, used 222K [0x000000076af80000, 0x00000007b4800000, 0x00000007c0000000)
  eden space 276480K, 0% used [0x000000076af80000,0x000000076af80000,0x000000077bd80000)
  from space 512K, 43% used [0x00000007b4700000,0x00000007b4737a98,0x00000007b4780000)
  to   space 512K, 0% used [0x00000007b4780000,0x00000007b4780000,0x00000007b4800000)
 ParOldGen       total 129024K, used 67208K [0x00000006c0e00000, 0x00000006c8c00000, 0x000000076af80000)
  object space 129024K, 52% used [0x00000006c0e00000,0x00000006c4fa2038,0x00000006c8c00000)
 Metaspace       used 22980K, capacity 23266K, committed 23552K, reserved 1071104K
  class space    used 2451K, capacity 2525K, committed 2560K, reserved 1048576K
}

